<?xml version="1.0" encoding="UTF-8"?>
<testsuite xmlns:xsi="http://www.w3.org/2001/XMLSchema-instance" xsi:noNamespaceSchemaLocation="https://maven.apache.org/surefire/maven-surefire-plugin/xsd/surefire-test-report.xsd" name="main.java.concrete.Problems.containerBPP.ItemTest" time="0.077" tests="5" errors="0" skipped="0" failures="0">
  <properties>
[...]
</properties>
  <testcase name="testItemConstructor" classname="main.java.concrete.Problems.containerBPP.ItemTest" time="0.059"/>
  <testcase name="testGetFator" classname="main.java.concrete.Problems.containerBPP.ItemTest" time="0.001"/>
  <testcase name="testToString" classname="main.java.concrete.Problems.containerBPP.ItemTest" time="0"/>
  <testcase name="testGetItemPriority" classname="main.java.concrete.Problems.containerBPP.ItemTest" time="0"/>
  <testcase name="testGetWeight" classname="main.java.concrete.Problems.containerBPP.ItemTest" time="0.005"/>
</testsuite>